<?xml version="1.0" encoding="UTF-8"?>
<!-- Generated by org.testng.reporters.JUnitReportReporter -->
<testsuite hostname="DESKTOP-6JUGJ4I" failures="0" tests="4" name="com.tripadvisor.webapp.tests.PuneHomePageTest" time="91.165" errors="0" timestamp="2023-05-18T17:34:51 IST" skipped="0">
  <testcase classname="com.tripadvisor.webapp.tests.PuneHomePageTest" name="TC_TripAdvisor_PuneHomePage_001" time="14.192"/>
  <system-out/>
  <testcase classname="com.tripadvisor.webapp.tests.PuneHomePageTest" name="TC_TripAdvisor_PuneHomePage_002" time="17.720"/>
  <system-out/>
  <testcase classname="com.tripadvisor.webapp.tests.PuneHomePageTest" name="TC_TripAdvisor_PuneHomePage_002" time="16.267"/>
  <system-out/>
  <testcase classname="com.tripadvisor.webapp.tests.PuneHomePageTest" name="TC_TripAdvisor_PuneHomePage_001" time="42.986"/>
  <system-out/>
</testsuite> <!-- com.tripadvisor.webapp.tests.PuneHomePageTest -->
